<?xml version="1.0" encoding="UTF-8"?>
<!-- Generated by org.testng.reporters.JUnitReportReporter -->
<testsuite hostname="AdministorsMBP3.home" name="com.ontestautomation.restassured.workshop.exercises.RestAssuredExercises2" tests="2" failures="0" timestamp="1 Aug 2016 22:20:12 GMT" time="0.002" errors="0">
  <testcase name="checkCountryForCircuit" time="0.001" classname="com.ontestautomation.restassured.workshop.exercises.RestAssuredExercises2"/>
  <testcase name="checkNumberOfPitstopsForMaxVerstappenIn2015" time="0.001" classname="com.ontestautomation.restassured.workshop.exercises.RestAssuredExercises2"/>
</testsuite> <!-- com.ontestautomation.restassured.workshop.exercises.RestAssuredExercises2 -->
