<?xml version="1.0" encoding="UTF-8"?>
<!-- Generated by org.testng.reporters.JUnitReportReporter -->
<testsuite hostname="AdministorsMBP3.home" name="com.ontestautomation.restassured.workshop.exercises.RestAssuredExercises1" tests="6" failures="0" timestamp="1 Aug 2016 22:20:12 GMT" time="0.006" errors="0">
  <testcase name="checkThereWasNoRaceAtNurburgringIn2014" time="0.000" classname="com.ontestautomation.restassured.workshop.exercises.RestAssuredExercises1"/>
  <testcase name="checkThereWasARaceAtSilverstoneIn2014" time="0.001" classname="com.ontestautomation.restassured.workshop.exercises.RestAssuredExercises1"/>
  <testcase name="checkTheFirstRaceOf2014WasAtAlbertPark" time="0.002" classname="com.ontestautomation.restassured.workshop.exercises.RestAssuredExercises1"/>
  <testcase name="checkResponseCodeForIncorrectRequest" time="0.001" classname="com.ontestautomation.restassured.workshop.exercises.RestAssuredExercises1"/>
  <testcase name="checkResponseContentTypeJson" time="0.001" classname="com.ontestautomation.restassured.workshop.exercises.RestAssuredExercises1"/>
  <testcase name="checkResponseCodeForCorrectRequest" time="0.001" classname="com.ontestautomation.restassured.workshop.exercises.RestAssuredExercises1"/>
</testsuite> <!-- com.ontestautomation.restassured.workshop.exercises.RestAssuredExercises1 -->
