<?xml version="1.0" encoding="UTF-8"?>
<!-- Generated by org.testng.reporters.JUnitReportReporter -->
<testsuite hostname="AdministorsMBP3.home" name="com.ontestautomation.restassured.workshop.exercises.RestAssuredExamplesParameterPassing" tests="1" failures="0" timestamp="1 Aug 2016 22:20:12 GMT" time="1.424" errors="0">
  <testcase name="useOAuth2Authentication" time="1.424" classname="com.ontestautomation.restassured.workshop.exercises.RestAssuredExamplesParameterPassing"/>
</testsuite> <!-- com.ontestautomation.restassured.workshop.exercises.RestAssuredExamplesParameterPassing -->
