<?xml version="1.0" encoding="UTF-8"?>
<!-- Generated by org.testng.reporters.JUnitReportReporter -->
<testsuite hostname="AdministorsMBP3.home" name="com.ontestautomation.restassured.workshop.answers.RestAssuredExercises2" tests="7" failures="0" timestamp="6 Aug 2016 16:22:42 GMT" time="3.674" errors="0">
  <testcase name="checkCountryForCircuit" time="0.227" classname="com.ontestautomation.restassured.workshop.answers.RestAssuredExercises2"/>
  <testcase name="checkCountryForCircuit" time="0.213" classname="com.ontestautomation.restassured.workshop.answers.RestAssuredExercises2"/>
  <testcase name="checkNumberOfPitstopsForMaxVerstappenIn2015" time="0.248" classname="com.ontestautomation.restassured.workshop.answers.RestAssuredExercises2"/>
  <testcase name="checkNumberOfPitstopsForMaxVerstappenIn2015" time="0.246" classname="com.ontestautomation.restassured.workshop.answers.RestAssuredExercises2"/>
  <testcase name="checkCountryForCircuit" time="2.185" classname="com.ontestautomation.restassured.workshop.answers.RestAssuredExercises2"/>
  <testcase name="checkNumberOfPitstopsForMaxVerstappenIn2015" time="0.240" classname="com.ontestautomation.restassured.workshop.answers.RestAssuredExercises2"/>
  <testcase name="checkNumberOfPitstopsForMaxVerstappenIn2015" time="0.315" classname="com.ontestautomation.restassured.workshop.answers.RestAssuredExercises2"/>
</testsuite> <!-- com.ontestautomation.restassured.workshop.answers.RestAssuredExercises2 -->
