<?xml version="1.0" encoding="UTF-8"?>
<!-- Generated by org.testng.reporters.JUnitReportReporter -->
<testsuite hostname="AdministorsMBP3.home" name="com.ontestautomation.restassured.workshop.exercises.RestAssuredExercises3" tests="2" failures="0" timestamp="1 Aug 2016 22:20:12 GMT" time="0.005" errors="0">
  <testcase name="checkResponseTimeForCircuitList" time="0.001" classname="com.ontestautomation.restassured.workshop.exercises.RestAssuredExercises3"/>
  <testcase name="checkNumberOfPayments" time="0.004" classname="com.ontestautomation.restassured.workshop.exercises.RestAssuredExercises3"/>
</testsuite> <!-- com.ontestautomation.restassured.workshop.exercises.RestAssuredExercises3 -->
